[2015-11-09 19:28:21] [info]  [ 6632] Commons Daemon procrun (1.0.15.0 64-bit) started
[2015-11-09 19:28:21] [info]  [ 6632] Service Tomcat8 name Apache Tomcat 8.0 Tomcat8
[2015-11-09 19:28:21] [info]  [ 6632] Service 'Tomcat8' installed
[2015-11-09 19:28:22] [info]  [ 6632] Commons Daemon procrun finished
[2015-11-09 19:28:25] [info]  [ 7880] Commons Daemon procrun (1.0.15.0 64-bit) started
[2015-11-09 19:28:25] [info]  [ 7880] Updating service...
[2015-11-09 19:28:25] [info]  [ 7880] Service 'Tomcat8' updated
[2015-11-09 19:28:25] [info]  [ 7880] Update service finished.
[2015-11-09 19:28:26] [info]  [ 7880] Commons Daemon procrun finished
[2015-11-09 19:28:26] [info]  [ 3008] Commons Daemon procrun (1.0.15.0 64-bit) started
[2015-11-09 19:28:26] [info]  [ 3008] Updating service...
[2015-11-09 19:28:26] [info]  [ 3008] Service 'Tomcat8' updated
[2015-11-09 19:28:26] [info]  [ 3008] Update service finished.
[2015-11-09 19:28:26] [info]  [ 3008] Commons Daemon procrun finished
[2015-11-09 19:28:26] [info]  [ 5976] Commons Daemon procrun (1.0.15.0 64-bit) started
[2015-11-09 19:28:27] [info]  [ 5976] Updating service...
[2015-11-09 19:28:27] [info]  [ 5976] Service 'Tomcat8' updated
[2015-11-09 19:28:27] [info]  [ 5976] Update service finished.
[2015-11-09 19:28:27] [info]  [ 5976] Commons Daemon procrun finished
[2015-11-09 19:30:26] [info]  [ 3940] Commons Daemon procrun (1.0.15.0 64-bit) started
[2015-11-09 19:30:26] [info]  [ 3940] Running 'Tomcat8' Service...
[2015-11-09 19:30:26] [info]  [ 4444] Starting service...
[2015-11-09 19:30:27] [info]  [ 4444] Service started in 1220 ms.
[2015-11-09 19:32:21] [info]  [ 3940] Run service finished.
[2015-11-09 19:32:21] [info]  [ 3940] Commons Daemon procrun finished
[2015-11-09 19:49:17] [info]  [ 7980] Commons Daemon procrun (1.0.15.0 64-bit) started
[2015-11-09 19:49:17] [info]  [ 7980] Debugging 'Tomcat8' service...
[2015-11-09 19:49:17] [info]  [ 7980] Starting service...
[2015-11-09 19:49:19] [info]  [ 7980] Service started in 1288 ms.
[2015-11-09 19:49:20] [info]  [ 7980] Debug service finished with exit code 0
[2015-11-09 19:49:20] [info]  [ 7980] Commons Daemon procrun finished
